Determining if the pthread_create exist failed with the following output:
Change Dir: /home/yoelpro/Desktop/MyProjects/ObjectOriented-Engis-Farm/CMakeFiles/CMakeTmp

Run Build Command:"/usr/bin/make" "cmTC_ff21f/fast"
/usr/bin/make -f CMakeFiles/cmTC_ff21f.dir/build.make CMakeFiles/cmTC_ff21f.dir/build
make[1]: Entering directory '/home/yoelpro/Desktop/MyProjects/ObjectOriented-Engis-Farm/CMakeFiles/CMakeTmp'
Building C object CMakeFiles/cmTC_ff21f.dir/CheckSymbolExists.c.o
/usr/bin/cc    -o CMakeFiles/cmTC_ff21f.dir/CheckSymbolExists.c.o   -c /home/yoelpro/Desktop/MyProjects/ObjectOriented-Engis-Farm/CMakeFiles/CMakeTmp/CheckSymbolExists.c
Linking C executable cmTC_ff21f
/usr/bin/cmake -E cmake_link_script CMakeFiles/cmTC_ff21f.dir/link.txt --verbose=1
/usr/bin/cc      -rdynamic CMakeFiles/cmTC_ff21f.dir/CheckSymbolExists.c.o  -o cmTC_ff21f 
CMakeFiles/cmTC_ff21f.dir/CheckSymbolExists.c.o: In function `main':
CheckSymbolExists.c:(.text+0x1b): undefined reference to `pthread_create'
collect2: error: ld returned 1 exit status
CMakeFiles/cmTC_ff21f.dir/build.make:97: recipe for target 'cmTC_ff21f' failed
make[1]: *** [cmTC_ff21f] Error 1
make[1]: Leaving directory '/home/yoelpro/Desktop/MyProjects/ObjectOriented-Engis-Farm/CMakeFiles/CMakeTmp'
Makefile:126: recipe for target 'cmTC_ff21f/fast' failed
make: *** [cmTC_ff21f/fast] Error 2

File /home/yoelpro/Desktop/MyProjects/ObjectOriented-Engis-Farm/CMakeFiles/CMakeTmp/CheckSymbolExists.c:
/* */
#include <pthread.h>

int main(int argc, char** argv)
{
  (void)argv;
#ifndef pthread_create
  return ((int*)(&pthread_create))[argc];
#else
  (void)argc;
  return 0;
#endif
}

Determining if the function pthread_create exists in the pthreads failed with the following output:
Change Dir: /home/yoelpro/Desktop/MyProjects/ObjectOriented-Engis-Farm/CMakeFiles/CMakeTmp

Run Build Command:"/usr/bin/make" "cmTC_0c9fe/fast"
/usr/bin/make -f CMakeFiles/cmTC_0c9fe.dir/build.make CMakeFiles/cmTC_0c9fe.dir/build
make[1]: Entering directory '/home/yoelpro/Desktop/MyProjects/ObjectOriented-Engis-Farm/CMakeFiles/CMakeTmp'
Building C object CMakeFiles/cmTC_0c9fe.dir/CheckFunctionExists.c.o
/usr/bin/cc   -DCHECK_FUNCTION_EXISTS=pthread_create   -o CMakeFiles/cmTC_0c9fe.dir/CheckFunctionExists.c.o   -c /usr/share/cmake-3.10/Modules/CheckFunctionExists.c
Linking C executable cmTC_0c9fe
/usr/bin/cmake -E cmake_link_script CMakeFiles/cmTC_0c9fe.dir/link.txt --verbose=1
/usr/bin/cc  -DCHECK_FUNCTION_EXISTS=pthread_create    -rdynamic CMakeFiles/cmTC_0c9fe.dir/CheckFunctionExists.c.o  -o cmTC_0c9fe -lpthreads 
/usr/bin/ld: cannot find -lpthreads
collect2: error: ld returned 1 exit status
CMakeFiles/cmTC_0c9fe.dir/build.make:97: recipe for target 'cmTC_0c9fe' failed
make[1]: *** [cmTC_0c9fe] Error 1
make[1]: Leaving directory '/home/yoelpro/Desktop/MyProjects/ObjectOriented-Engis-Farm/CMakeFiles/CMakeTmp'
Makefile:126: recipe for target 'cmTC_0c9fe/fast' failed
make: *** [cmTC_0c9fe/fast] Error 2


